[Voila] Using /tmp to store connection files
[Voila] Storing connection files in /tmp/voila_gj3n9vpy.
[Voila] Serving static files from /root/BIOS0030_server2/BIOS0030_environment/lib/python3.11/site-packages/voila/static.
[Voila] Voilà is running at:
http://localhost:8866/
[Voila] Using /tmp to store connection files
[Voila] Storing connection files in /tmp/voila_f34gmivr.
[Voila] Serving static files from /root/BIOS0030_server2/BIOS0030_environment/lib/python3.11/site-packages/voila/static.
[Voila] The port 8866 is already in use, trying another port.
[Voila] Voilà is running at:
http://localhost:8867/
404 GET /voila/render/All_Tests_Launcher/All_Tests_Launcher.ipynb (127.0.0.1): file or directory does not exist: 'All_Tests_Launcher/All_Tests_Launcher.ipynb'
404 GET /voila/render/All_Tests_Launcher/All_Tests_Launcher.ipynb (127.0.0.1) 58.61ms
404 GET /voila/render/All_Tests_Launcher/All_Tests_Launcher.ipynb (::1): file or directory does not exist: 'All_Tests_Launcher/All_Tests_Launcher.ipynb'
404 GET /voila/render/All_Tests_Launcher/All_Tests_Launcher.ipynb (::1) 6.60ms
404 GET /voila/render/All_Tests_Launcher/All_Tests_Launcher.ipynb (::1): file or directory does not exist: 'All_Tests_Launcher/All_Tests_Launcher.ipynb'
404 GET /voila/render/All_Tests_Launcher/All_Tests_Launcher.ipynb (::1) 5.22ms
404 GET /voila/render/All_Tests_Launcher/All_Tests_Launcher.ipynb (::1): file or directory does not exist: 'All_Tests_Launcher/All_Tests_Launcher.ipynb'
404 GET /voila/render/All_Tests_Launcher/All_Tests_Launcher.ipynb (::1) 5.49ms
404 GET /voila/render/All_Tests_Launcher/All_Tests_Launcher.ipynb (::1): file or directory does not exist: 'All_Tests_Launcher/All_Tests_Launcher.ipynb'
404 GET /voila/render/All_Tests_Launcher/All_Tests_Launcher.ipynb (::1) 8.17ms
